<?xml version="1.0" encoding="UTF-8"?>
<!-- Generated by org.testng.reporters.JUnitReportReporter -->
<testsuite hostname="DESKTOP-01LRPB8" failures="0" tests="1" name="testCase.OpportunitiesTest" time="8.966" errors="0" timestamp="2023-09-04T08:53:32 IST" skipped="0">
  <testcase classname="testCase.OpportunitiesTest" name="opportunities" time="8.966"/>
  <system-out/>
</testsuite> <!-- testCase.OpportunitiesTest -->
