<?xml version="1.0" encoding="UTF-8"?>
<!-- Generated by org.testng.reporters.JUnitReportReporter -->
<testsuite hostname="DESKTOP-01LRPB8" failures="0" tests="1" name="testCase.AccountTest" time="5.855" errors="0" timestamp="2023-09-08T12:37:46 IST" skipped="0">
  <testcase classname="testCase.AccountTest" name="accountTest_TC1" time="5.855"/>
  <system-out/>
</testsuite> <!-- testCase.AccountTest -->
