<?xml version="1.0" encoding="UTF-8"?>
<!-- Generated by org.testng.reporters.JUnitReportReporter -->
<testsuite hostname="DESKTOP-01LRPB8" failures="0" tests="6" name="testCase.LeadsTest" time="31.182" errors="0" timestamp="2023-09-08T12:24:24 IST" skipped="0">
  <testcase classname="testCase.LeadsTest" name="dropdownVerifyTest_TC2" time="0.009"/>
  <system-out/>
  <testcase classname="testCase.LeadsTest" name="dropdownVerifyTest_TC3" time="9.086"/>
  <system-out/>
  <testcase classname="testCase.LeadsTest" name="newLeadVerifyTest_TC6" time="6.997"/>
  <system-out/>
  <testcase classname="testCase.LeadsTest" name="goVerifyTest_TC4" time="5.768"/>
  <system-out/>
  <testcase classname="testCase.LeadsTest" name="leads_TC1" time="3.555"/>
  <system-out/>
  <testcase classname="testCase.LeadsTest" name="todayLeadVerifyTest_TC5" time="5.767"/>
  <system-out/>
</testsuite> <!-- testCase.LeadsTest -->
